# JRE version: Java(TM) SE Runtime Environment (8.0_121-b13) (build 1.8.0_121-b13)
# Java VM: Java HotSpot(TM) 64-Bit Server VM (25.121-b13 mixed mode windows-amd64 compressed oops)
Heap:
 def new generation   total 29568K, used 1523K [0x00000000a0000000, 0x00000000a2010000, 0x00000000c0000000)
  eden space 26304K,   5% used [0x00000000a0000000, 0x00000000a017cfe8, 0x00000000a19b0000)
  from space 3264K,   0% used [0x00000000a19b0000, 0x00000000a19b0000, 0x00000000a1ce0000)
  to   space 3264K,   0% used [0x00000000a1ce0000, 0x00000000a1ce0000, 0x00000000a2010000)
 tenured generation   total 65536K, used 11336K [0x00000000c0000000, 0x00000000c4000000, 0x0000000100000000)
   the space 65536K,  17% used [0x00000000c0000000, 0x00000000c0b12280, 0x00000000c0b12400, 0x00000000c4000000)
 Metaspace       used 21026K, capacity 21438K, committed 21632K, reserved 1069056K
  class space    used 2673K, capacity 2825K, committed 2944K, reserved 1048576K
GC Heap History (6 events):
Event: 3.953 GC heap before
{Heap before GC invocations=0 (full 0):
 def new generation   total 29504K, used 26240K [0x00000000a0000000, 0x00000000a2000000, 0x00000000c0000000)
  eden space 26240K, 100% used [0x00000000a0000000, 0x00000000a19a0000, 0x00000000a19a0000)
  from space 3264K,   0% used [0x00000000a19a0000, 0x00000000a19a0000, 0x00000000a1cd0000)
  to   space 3264K,   0% used [0x00000000a1cd0000, 0x00000000a1cd0000, 0x00000000a2000000)
 tenured generation   total 65536K, used 0K [0x00000000c0000000, 0x00000000c4000000, 0x0000000100000000)
   the space 65536K,   0% used [0x00000000c0000000, 0x00000000c0000000, 0x00000000c0000200, 0x00000000c4000000)
 Metaspace       used 10559K, capacity 10706K, committed 10880K, reserved 1058816K
  class space    used 1280K, capacity 1329K, committed 1408K, reserved 1048576K
Event: 3.969 GC heap after
Heap after GC invocations=1 (full 0):
 def new generation   total 29504K, used 3264K [0x00000000a0000000, 0x00000000a2000000, 0x00000000c0000000)
  eden space 26240K,   0% used [0x00000000a0000000, 0x00000000a0000000, 0x00000000a19a0000)
  from space 3264K, 100% used [0x00000000a1cd0000, 0x00000000a2000000, 0x00000000a2000000)
  to   space 3264K,   0% used [0x00000000a19a0000, 0x00000000a19a0000, 0x00000000a1cd0000)
 tenured generation   total 65536K, used 2265K [0x00000000c0000000, 0x00000000c4000000, 0x0000000100000000)
   the space 65536K,   3% used [0x00000000c0000000, 0x00000000c02367f8, 0x00000000c0236800, 0x00000000c4000000)
 Metaspace       used 10559K, capacity 10706K, committed 10880K, reserved 1058816K
  class space    used 1280K, capacity 1329K, committed 1408K, reserved 1048576K
}
Event: 6.870 GC heap before
{Heap before GC invocations=1 (full 0):
 def new generation   total 29504K, used 29504K [0x00000000a0000000, 0x00000000a2000000, 0x00000000c0000000)
  eden space 26240K, 100% used [0x00000000a0000000, 0x00000000a19a0000, 0x00000000a19a0000)
  from space 3264K, 100% used [0x00000000a1cd0000, 0x00000000a2000000, 0x00000000a2000000)
  to   space 3264K,   0% used [0x00000000a19a0000, 0x00000000a19a0000, 0x00000000a1cd0000)
 tenured generation   total 65536K, used 2265K [0x00000000c0000000, 0x00000000c4000000, 0x0000000100000000)
   the space 65536K,   3% used [0x00000000c0000000, 0x00000000c02367f8, 0x00000000c0236800, 0x00000000c4000000)
 Metaspace       used 16871K, capacity 17238K, committed 17280K, reserved 1064960K
  class space    used 2040K, capacity 2145K, committed 2176K, reserved 1048576K
Event: 6.890 GC heap after
Heap after GC invocations=2 (full 0):
 def new generation   total 29504K, used 3264K [0x00000000a0000000, 0x00000000a2000000, 0x00000000c0000000)
  eden space 26240K,   0% used [0x00000000a0000000, 0x00000000a0000000, 0x00000000a19a0000)
  from space 3264K, 100% used [0x00000000a19a0000, 0x00000000a1cd0000, 0x00000000a1cd0000)
  to   space 3264K,   0% used [0x00000000a1cd0000, 0x00000000a1cd0000, 0x00000000a2000000)
 tenured generation   total 65536K, used 6274K [0x00000000c0000000, 0x00000000c4000000, 0x0000000100000000)
   the space 65536K,   9% used [0x00000000c0000000, 0x00000000c0620bb0, 0x00000000c0620c00, 0x00000000c4000000)
 Metaspace       used 16871K, capacity 17238K, committed 17280K, reserved 1064960K
  class space    used 2040K, capacity 2145K, committed 2176K, reserved 1048576K
}
Event: 17.378 GC heap before
{Heap before GC invocations=2 (full 0):
 def new generation   total 29504K, used 28836K [0x00000000a0000000, 0x00000000a2000000, 0x00000000c0000000)
  eden space 26240K,  97% used [0x00000000a0000000, 0x00000000a18f9208, 0x00000000a19a0000)
  from space 3264K, 100% used [0x00000000a19a0000, 0x00000000a1cd0000, 0x00000000a1cd0000)
  to   space 3264K,   0% used [0x00000000a1cd0000, 0x00000000a1cd0000, 0x00000000a2000000)
 tenured generation   total 65536K, used 6274K [0x00000000c0000000, 0x00000000c4000000, 0x0000000100000000)
   the space 65536K,   9% used [0x00000000c0000000, 0x00000000c0620bb0, 0x00000000c0620c00, 0x00000000c4000000)
 Metaspace       used 20812K, capacity 21208K, committed 21248K, reserved 1067008K
  class space    used 2637K, capacity 2792K, committed 2816K, reserved 1048576K
Event: 17.439 GC heap after
Heap after GC invocations=3 (full 1):
 def new generation   total 29568K, used 0K [0x00000000a0000000, 0x00000000a2010000, 0x00000000c0000000)
  eden space 26304K,   0% used [0x00000000a0000000, 0x00000000a0000000, 0x00000000a19b0000)
  from space 3264K,   0% used [0x00000000a19b0000, 0x00000000a19b0000, 0x00000000a1ce0000)
  to   space 3264K,   0% used [0x00000000a1ce0000, 0x00000000a1ce0000, 0x00000000a2010000)
 tenured generation   total 65536K, used 11336K [0x00000000c0000000, 0x00000000c4000000, 0x0000000100000000)
   the space 65536K,  17% used [0x00000000c0000000, 0x00000000c0b12280, 0x00000000c0b12400, 0x00000000c4000000)
 Metaspace       used 20812K, capacity 21208K, committed 21248K, reserved 1067008K
  class space    used 2637K, capacity 2792K, committed 2816K, reserved 1048576K
}

