# JRE version: Java(TM) SE Runtime Environment (8.0_121-b13) (build 1.8.0_121-b13)
# Java VM: Java HotSpot(TM) 64-Bit Server VM (25.121-b13 mixed mode windows-amd64 compressed oops)
Heap:
 def new generation   total 29504K, used 18931K [0x00000000a0000000, 0x00000000a2000000, 0x00000000c0000000)
  eden space 26240K,  59% used [0x00000000a0000000, 0x00000000a0f4cd40, 0x00000000a19a0000)
  from space 3264K,  99% used [0x00000000a19a0000, 0x00000000a1ccfff8, 0x00000000a1cd0000)
  to   space 3264K,   0% used [0x00000000a1cd0000, 0x00000000a1cd0000, 0x00000000a2000000)
 tenured generation   total 65536K, used 6182K [0x00000000c0000000, 0x00000000c4000000, 0x0000000100000000)
   the space 65536K,   9% used [0x00000000c0000000, 0x00000000c0609a00, 0x00000000c0609a00, 0x00000000c4000000)
 Metaspace       used 18760K, capacity 19110K, committed 19328K, reserved 1067008K
  class space    used 2268K, capacity 2417K, committed 2432K, reserved 1048576K
GC Heap History (4 events):
Event: 8.559 GC heap before
{Heap before GC invocations=0 (full 0):
 def new generation   total 29504K, used 26240K [0x00000000a0000000, 0x00000000a2000000, 0x00000000c0000000)
  eden space 26240K, 100% used [0x00000000a0000000, 0x00000000a19a0000, 0x00000000a19a0000)
  from space 3264K,   0% used [0x00000000a19a0000, 0x00000000a19a0000, 0x00000000a1cd0000)
  to   space 3264K,   0% used [0x00000000a1cd0000, 0x00000000a1cd0000, 0x00000000a2000000)
 tenured generation   total 65536K, used 0K [0x00000000c0000000, 0x00000000c4000000, 0x0000000100000000)
   the space 65536K,   0% used [0x00000000c0000000, 0x00000000c0000000, 0x00000000c0000200, 0x00000000c4000000)
 Metaspace       used 10632K, capacity 10774K, committed 10880K, reserved 1058816K
  class space    used 1280K, capacity 1329K, committed 1408K, reserved 1048576K
Event: 8.573 GC heap after
Heap after GC invocations=1 (full 0):
 def new generation   total 29504K, used 3263K [0x00000000a0000000, 0x00000000a2000000, 0x00000000c0000000)
  eden space 26240K,   0% used [0x00000000a0000000, 0x00000000a0000000, 0x00000000a19a0000)
  from space 3264K,  99% used [0x00000000a1cd0000, 0x00000000a1fffff8, 0x00000000a2000000)
  to   space 3264K,   0% used [0x00000000a19a0000, 0x00000000a19a0000, 0x00000000a1cd0000)
 tenured generation   total 65536K, used 2221K [0x00000000c0000000, 0x00000000c4000000, 0x0000000100000000)
   the space 65536K,   3% used [0x00000000c0000000, 0x00000000c022b538, 0x00000000c022b600, 0x00000000c4000000)
 Metaspace       used 10632K, capacity 10774K, committed 10880K, reserved 1058816K
  class space    used 1280K, capacity 1329K, committed 1408K, reserved 1048576K
}
Event: 13.707 GC heap before
{Heap before GC invocations=1 (full 0):
 def new generation   total 29504K, used 29503K [0x00000000a0000000, 0x00000000a2000000, 0x00000000c0000000)
  eden space 26240K, 100% used [0x00000000a0000000, 0x00000000a19a0000, 0x00000000a19a0000)
  from space 3264K,  99% used [0x00000000a1cd0000, 0x00000000a1fffff8, 0x00000000a2000000)
  to   space 3264K,   0% used [0x00000000a19a0000, 0x00000000a19a0000, 0x00000000a1cd0000)
 tenured generation   total 65536K, used 2221K [0x00000000c0000000, 0x00000000c4000000, 0x0000000100000000)
   the space 65536K,   3% used [0x00000000c0000000, 0x00000000c022b538, 0x00000000c022b600, 0x00000000c4000000)
 Metaspace       used 16822K, capacity 17150K, committed 17280K, reserved 1064960K
  class space    used 2021K, capacity 2113K, committed 2176K, reserved 1048576K
Event: 13.725 GC heap after
Heap after GC invocations=2 (full 0):
 def new generation   total 29504K, used 3263K [0x00000000a0000000, 0x00000000a2000000, 0x00000000c0000000)
  eden space 26240K,   0% used [0x00000000a0000000, 0x00000000a0000000, 0x00000000a19a0000)
  from space 3264K,  99% used [0x00000000a19a0000, 0x00000000a1ccfff8, 0x00000000a1cd0000)
  to   space 3264K,   0% used [0x00000000a1cd0000, 0x00000000a1cd0000, 0x00000000a2000000)
 tenured generation   total 65536K, used 6182K [0x00000000c0000000, 0x00000000c4000000, 0x0000000100000000)
   the space 65536K,   9% used [0x00000000c0000000, 0x00000000c0609a00, 0x00000000c0609a00, 0x00000000c4000000)
 Metaspace       used 16822K, capacity 17150K, committed 17280K, reserved 1064960K
  class space    used 2021K, capacity 2113K, committed 2176K, reserved 1048576K
}

